<?xml version="1.0" encoding="UTF-8"?>
<!-- Generated by org.testng.reporters.JUnitXMLReporter -->
<testsuite ignored="0" hostname="LTIN187874" failures="0" tests="17" name="Test" time="59.401" errors="0" timestamp="2024-03-10T13:00:51 IST">
  <testcase classname="TestCases.TestCase1" name="ZigWheelsHome" time="2.065"/>
  <testcase classname="TestCases.TestCase1" name="ZigWheelsUpcoming" time="1.62"/>
  <testcase classname="TestCases.TestCase1" name="ZigWheelsNewBikes" time="3.331"/>
  <testcase classname="TestCases.TestCase1" name="ZigWheelsReadMore" time="1.129"/>
  <testcase classname="TestCases.TestCase1" name="ZigWheelsScrollDown1" time="0.077"/>
  <testcase classname="TestCases.TestCase1" name="ZigWheelsLessThan4Lakhs" time="4.06"/>
  <testcase classname="TestCases.TestCase1" name="ZigWheels" time="4.086"/>
  <testcase classname="TestCases.TestCase1" name="ZigWheelsUsedCars" time="0.613"/>
  <testcase classname="TestCases.TestCase1" name="ZigWheelsChennai" time="4.439"/>
  <testcase classname="TestCases.TestCase1" name="ZigWheelsScrollDown" time="0.393"/>
  <testcase classname="TestCases.TestCase1" name="ZigWheelsLogin" time="1.946"/>
  <testcase classname="TestCases.TestCase1" name="ZigWheelsClickOnLogin" time="1.621"/>
  <testcase classname="TestCases.TestCase1" name="ZigWheelsClickOnGoogle" time="0.442"/>
  <testcase classname="TestCases.TestCase1" name="ZigWheelsHandleWindow" time="0.032"/>
  <testcase classname="TestCases.TestCase1" name="ZigWheelssetEmail" time="0.5"/>
  <testcase classname="TestCases.TestCase1" name="ZigWheelsClickNext" time="0.833"/>
  <testcase classname="TestCases.TestCase1" name="ZigWheelsCapturerror" time="0.064"/>
</testsuite> <!-- Test -->
