<?xml version="1.0" encoding="UTF-8"?>
<!-- Generated by org.testng.reporters.JUnitXMLReporter -->
<testsuite ignored="0" hostname="LTIN187874" failures="0" tests="17" name="Test" time="68.371" errors="0" timestamp="2024-03-05T15:11:35 IST">
  <testcase classname="TestCases.TestCase1" name="ZigWheelsHome" time="0.364"/>
  <testcase classname="TestCases.TestCase1" name="ZigWheelsUpcoming" time="5.413"/>
  <testcase classname="TestCases.TestCase1" name="ZigWheelsNewBikes" time="1.257"/>
  <testcase classname="TestCases.TestCase1" name="ZigWheelsReadMore" time="0.444"/>
  <testcase classname="TestCases.TestCase1" name="ZigWheelsScrollDown1" time="0.067"/>
  <testcase classname="TestCases.TestCase1" name="ZigWheelsLessThan4Lakhs" time="4.821"/>
  <testcase classname="TestCases.TestCase1" name="ZigWheels" time="1.908"/>
  <testcase classname="TestCases.TestCase1" name="ZigWheelsUsedCars" time="0.338"/>
  <testcase classname="TestCases.TestCase1" name="ZigWheelsChennai" time="5.255"/>
  <testcase classname="TestCases.TestCase1" name="ZigWheelsScrollDown" time="0.512"/>
  <testcase classname="TestCases.TestCase1" name="ZigWheelsLogin" time="1.915"/>
  <testcase classname="TestCases.TestCase1" name="ZigWheelsClickOnLogin" time="2.356"/>
  <testcase classname="TestCases.TestCase1" name="ZigWheelsClickOnGoogle" time="0.363"/>
  <testcase classname="TestCases.TestCase1" name="ZigWheelsHandleWindow" time="0.063"/>
  <testcase classname="TestCases.TestCase1" name="ZigWheelssetEmail" time="0.496"/>
  <testcase classname="TestCases.TestCase1" name="ZigWheelsClickNext" time="1.176"/>
  <testcase classname="TestCases.TestCase1" name="ZigWheelsCapturerror" time="0.128"/>
</testsuite> <!-- Test -->
