<?xml version="1.0" encoding="UTF-8"?>
<testng-results ignored="0" total="17" passed="16" failed="1" skipped="0">
  <reporter-output>
  </reporter-output>
  <suite started-at="2024-03-10T21:20:17 IST" name="Suite" finished-at="2024-03-10T21:21:43 IST" duration-ms="86142">
    <groups>
      <group name="regression">
        <method signature="TestCase1.ZigWheelsNewBikes()[pri:3, instance:TestCases.TestCase1@74f0ea28]" name="ZigWheelsNewBikes" class="TestCases.TestCase1"/>
        <method signature="TestCase1.ZigWheelsReadMore()[pri:4, instance:TestCases.TestCase1@74f0ea28]" name="ZigWheelsReadMore" class="TestCases.TestCase1"/>
        <method signature="TestCase1.ZigWheelsUsedCars()[pri:8, instance:TestCases.TestCase1@74f0ea28]" name="ZigWheelsUsedCars" class="TestCases.TestCase1"/>
        <method signature="TestCase1.ZigWheelsLogin()[pri:11, instance:TestCases.TestCase1@74f0ea28]" name="ZigWheelsLogin" class="TestCases.TestCase1"/>
        <method signature="TestCase1.ZigWheelsHandleWindow()[pri:14, instance:TestCases.TestCase1@74f0ea28]" name="ZigWheelsHandleWindow" class="TestCases.TestCase1"/>
        <method signature="TestCase1.ZigWheelsClickNext()[pri:16, instance:TestCases.TestCase1@74f0ea28]" name="ZigWheelsClickNext" class="TestCases.TestCase1"/>
        <method signature="TestCase1.ZigWheelsCapturerror()[pri:17, instance:TestCases.TestCase1@74f0ea28]" name="ZigWheelsCapturerror" class="TestCases.TestCase1"/>
      </group> <!-- regression -->
      <group name="smoke">
        <method signature="TestCase1.ZigWheelsHome()[pri:1, instance:TestCases.TestCase1@74f0ea28]" name="ZigWheelsHome" class="TestCases.TestCase1"/>
        <method signature="TestCase1.ZigWheelsUpcoming()[pri:2, instance:TestCases.TestCase1@74f0ea28]" name="ZigWheelsUpcoming" class="TestCases.TestCase1"/>
        <method signature="TestCase1.ZigWheelsScrollDown1()[pri:5, instance:TestCases.TestCase1@74f0ea28]" name="ZigWheelsScrollDown1" class="TestCases.TestCase1"/>
        <method signature="TestCase1.ZigWheelsLessThan4Lakhs()[pri:6, instance:TestCases.TestCase1@74f0ea28]" name="ZigWheelsLessThan4Lakhs" class="TestCases.TestCase1"/>
        <method signature="TestCase1.ZigWheels()[pri:7, instance:TestCases.TestCase1@74f0ea28]" name="ZigWheels" class="TestCases.TestCase1"/>
        <method signature="TestCase1.ZigWheelsChennai()[pri:9, instance:TestCases.TestCase1@74f0ea28]" name="ZigWheelsChennai" class="TestCases.TestCase1"/>
        <method signature="TestCase1.ZigWheelsScrollDown()[pri:10, instance:TestCases.TestCase1@74f0ea28]" name="ZigWheelsScrollDown" class="TestCases.TestCase1"/>
        <method signature="TestCase1.ZigWheelsClickOnLogin()[pri:12, instance:TestCases.TestCase1@74f0ea28]" name="ZigWheelsClickOnLogin" class="TestCases.TestCase1"/>
        <method signature="TestCase1.ZigWheelsClickOnGoogle()[pri:13, instance:TestCases.TestCase1@74f0ea28]" name="ZigWheelsClickOnGoogle" class="TestCases.TestCase1"/>
        <method signature="TestCase1.ZigWheelssetEmail()[pri:15, instance:TestCases.TestCase1@74f0ea28]" name="ZigWheelssetEmail" class="TestCases.TestCase1"/>
      </group> <!-- smoke -->
    </groups>
    <test started-at="2024-03-10T21:20:17 IST" name="Test" finished-at="2024-03-10T21:21:43 IST" duration-ms="86142">
      <class name="TestCases.TestCase1">
        <test-method is-config="true" signature="driverSetUp(java.lang.String,java.lang.String)[pri:0, instance:TestCases.TestCase1@74f0ea28]" started-at="2024-03-10T21:20:18 IST" name="driverSetUp" finished-at="2024-03-10T21:20:37 IST" duration-ms="19138" status="PASS">
          <params>
            <param index="0">
              <value>
                <![CDATA[windows]]>
              </value>
            </param>
            <param index="1">
              <value>
                <![CDATA[chrome]]>
              </value>
            </param>
          </params>
          <reporter-output>
          </reporter-output>
        </test-method> <!-- driverSetUp -->
        <test-method signature="ZigWheelsHome()[pri:1, instance:TestCases.TestCase1@74f0ea28]" started-at="2024-03-10T21:20:37 IST" name="ZigWheelsHome" finished-at="2024-03-10T21:20:40 IST" duration-ms="2463" status="PASS">
          <reporter-output>
          </reporter-output>
        </test-method> <!-- ZigWheelsHome -->
        <test-method signature="ZigWheelsUpcoming()[pri:2, instance:TestCases.TestCase1@74f0ea28]" started-at="2024-03-10T21:20:41 IST" name="ZigWheelsUpcoming" finished-at="2024-03-10T21:20:43 IST" duration-ms="1751" status="PASS">
          <reporter-output>
          </reporter-output>
        </test-method> <!-- ZigWheelsUpcoming -->
        <test-method signature="ZigWheelsNewBikes()[pri:3, instance:TestCases.TestCase1@74f0ea28]" started-at="2024-03-10T21:20:43 IST" name="ZigWheelsNewBikes" finished-at="2024-03-10T21:20:47 IST" duration-ms="3378" status="PASS">
          <reporter-output>
          </reporter-output>
        </test-method> <!-- ZigWheelsNewBikes -->
        <test-method signature="ZigWheelsReadMore()[pri:4, instance:TestCases.TestCase1@74f0ea28]" started-at="2024-03-10T21:20:47 IST" name="ZigWheelsReadMore" finished-at="2024-03-10T21:20:48 IST" duration-ms="1513" status="PASS">
          <reporter-output>
          </reporter-output>
        </test-method> <!-- ZigWheelsReadMore -->
        <test-method signature="ZigWheelsScrollDown1()[pri:5, instance:TestCases.TestCase1@74f0ea28]" started-at="2024-03-10T21:20:49 IST" name="ZigWheelsScrollDown1" finished-at="2024-03-10T21:20:49 IST" duration-ms="57" status="PASS">
          <reporter-output>
          </reporter-output>
        </test-method> <!-- ZigWheelsScrollDown1 -->
        <test-method signature="ZigWheelsLessThan4Lakhs()[pri:6, instance:TestCases.TestCase1@74f0ea28]" started-at="2024-03-10T21:20:50 IST" name="ZigWheelsLessThan4Lakhs" finished-at="2024-03-10T21:20:54 IST" duration-ms="4083" status="PASS">
          <reporter-output>
          </reporter-output>
        </test-method> <!-- ZigWheelsLessThan4Lakhs -->
        <test-method signature="ZigWheels()[pri:7, instance:TestCases.TestCase1@74f0ea28]" started-at="2024-03-10T21:20:54 IST" name="ZigWheels" finished-at="2024-03-10T21:20:56 IST" duration-ms="1729" status="PASS">
          <reporter-output>
          </reporter-output>
        </test-method> <!-- ZigWheels -->
        <test-method signature="ZigWheelsUsedCars()[pri:8, instance:TestCases.TestCase1@74f0ea28]" started-at="2024-03-10T21:20:58 IST" name="ZigWheelsUsedCars" finished-at="2024-03-10T21:20:59 IST" duration-ms="892" status="PASS">
          <reporter-output>
          </reporter-output>
        </test-method> <!-- ZigWheelsUsedCars -->
        <test-method signature="ZigWheelsChennai()[pri:9, instance:TestCases.TestCase1@74f0ea28]" started-at="2024-03-10T21:21:00 IST" name="ZigWheelsChennai" finished-at="2024-03-10T21:21:05 IST" duration-ms="4770" status="PASS">
          <reporter-output>
          </reporter-output>
        </test-method> <!-- ZigWheelsChennai -->
        <test-method signature="ZigWheelsScrollDown()[pri:10, instance:TestCases.TestCase1@74f0ea28]" started-at="2024-03-10T21:21:05 IST" name="ZigWheelsScrollDown" finished-at="2024-03-10T21:21:06 IST" duration-ms="446" status="PASS">
          <reporter-output>
          </reporter-output>
        </test-method> <!-- ZigWheelsScrollDown -->
        <test-method signature="ZigWheelsLogin()[pri:11, instance:TestCases.TestCase1@74f0ea28]" started-at="2024-03-10T21:21:06 IST" name="ZigWheelsLogin" finished-at="2024-03-10T21:21:08 IST" duration-ms="1887" status="PASS">
          <reporter-output>
          </reporter-output>
        </test-method> <!-- ZigWheelsLogin -->
        <test-method signature="ZigWheelsClickOnLogin()[pri:12, instance:TestCases.TestCase1@74f0ea28]" started-at="2024-03-10T21:21:10 IST" name="ZigWheelsClickOnLogin" finished-at="2024-03-10T21:21:12 IST" duration-ms="1520" status="PASS">
          <reporter-output>
          </reporter-output>
        </test-method> <!-- ZigWheelsClickOnLogin -->
        <test-method signature="ZigWheelsClickOnGoogle()[pri:13, instance:TestCases.TestCase1@74f0ea28]" started-at="2024-03-10T21:21:13 IST" name="ZigWheelsClickOnGoogle" finished-at="2024-03-10T21:21:14 IST" duration-ms="748" status="PASS">
          <reporter-output>
          </reporter-output>
        </test-method> <!-- ZigWheelsClickOnGoogle -->
        <test-method signature="ZigWheelsHandleWindow()[pri:14, instance:TestCases.TestCase1@74f0ea28]" started-at="2024-03-10T21:21:15 IST" name="ZigWheelsHandleWindow" finished-at="2024-03-10T21:21:15 IST" duration-ms="138" status="PASS">
          <reporter-output>
          </reporter-output>
        </test-method> <!-- ZigWheelsHandleWindow -->
        <test-method signature="ZigWheelssetEmail()[pri:15, instance:TestCases.TestCase1@74f0ea28]" started-at="2024-03-10T21:21:17 IST" name="ZigWheelssetEmail" finished-at="2024-03-10T21:21:18 IST" duration-ms="645" status="PASS">
          <reporter-output>
          </reporter-output>
        </test-method> <!-- ZigWheelssetEmail -->
        <test-method signature="ZigWheelsClickNext()[pri:16, instance:TestCases.TestCase1@74f0ea28]" started-at="2024-03-10T21:21:18 IST" name="ZigWheelsClickNext" finished-at="2024-03-10T21:21:20 IST" duration-ms="1045" status="PASS">
          <reporter-output>
          </reporter-output>
        </test-method> <!-- ZigWheelsClickNext -->
        <test-method signature="ZigWheelsCapturerror()[pri:17, instance:TestCases.TestCase1@74f0ea28]" started-at="2024-03-10T21:21:20 IST" name="ZigWheelsCapturerror" finished-at="2024-03-10T21:21:42 IST" duration-ms="21997" status="FAIL">
          <exception class="org.openqa.selenium.NoSuchElementException">
            <message>
              <![CDATA[Unable to find element with locator By.xpath: //*[text()='Couldn’t find your Google Account']
For documentation on this error, please visit: https://www.selenium.dev/documentation/webdriver/troubleshooting/errors#no-such-element-exception
Build info: version: '4.15.0', revision: '1d14b5521b'
System info: os.name: 'Windows 11', os.arch: 'amd64', os.version: '10.0', java.version: '17.0.2'
Driver info: driver.version: RemoteWebDriver]]>
            </message>
            <full-stacktrace>
              <![CDATA[org.openqa.selenium.NoSuchElementException: Unable to find element with locator By.xpath: //*[text()='Couldn’t find your Google Account']
For documentation on this error, please visit: https://www.selenium.dev/documentation/webdriver/troubleshooting/errors#no-such-element-exception
Build info: version: '4.15.0', revision: '1d14b5521b'
System info: os.name: 'Windows 11', os.arch: 'amd64', os.version: '10.0', java.version: '17.0.2'
Driver info: driver.version: RemoteWebDriver
at org.openqa.selenium.remote.ElementLocation$ElementFinder$2.findElement(ElementLocation.java:168)
at org.openqa.selenium.remote.ElementLocation.findElement(ElementLocation.java:59)
at org.openqa.selenium.remote.RemoteWebDriver.findElement(RemoteWebDriver.java:364)
at org.openqa.selenium.remote.RemoteWebDriver.findElement(RemoteWebDriver.java:358)
at org.openqa.selenium.support.pagefactory.DefaultElementLocator.findElement(DefaultElementLocator.java:68)
at org.openqa.selenium.support.pagefactory.internal.LocatingElementHandler.invoke(LocatingElementHandler.java:38)
at jdk.proxy2/jdk.proxy2.$Proxy46.getText(Unknown Source)
at PageObjectModel.Login.Capturerror(Login.java:89)
at TestCases.TestCase1.ZigWheelsCapturerror(TestCase1.java:201)
at java.base/jdk.internal.reflect.NativeMethodAccessorImpl.invoke0(Native Method)
at java.base/jdk.internal.reflect.NativeMethodAccessorImpl.invoke(NativeMethodAccessorImpl.java:77)
at java.base/jdk.internal.reflect.DelegatingMethodAccessorImpl.invoke(DelegatingMethodAccessorImpl.java:43)
at java.base/java.lang.reflect.Method.invoke(Method.java:568)
at org.testng.internal.invokers.MethodInvocationHelper.invokeMethod(MethodInvocationHelper.java:139)
at org.testng.internal.invokers.TestInvoker.invokeMethod(TestInvoker.java:664)
at org.testng.internal.invokers.TestInvoker.invokeTestMethod(TestInvoker.java:228)
at org.testng.internal.invokers.MethodRunner.runInSequence(MethodRunner.java:63)
at org.testng.internal.invokers.TestInvoker$MethodInvocationAgent.invoke(TestInvoker.java:961)
at org.testng.internal.invokers.TestInvoker.invokeTestMethods(TestInvoker.java:201)
at org.testng.internal.invokers.TestMethodWorker.invokeTestMethods(TestMethodWorker.java:148)
at org.testng.internal.invokers.TestMethodWorker.run(TestMethodWorker.java:128)
at java.base/java.util.ArrayList.forEach(ArrayList.java:1511)
at org.testng.TestRunner.privateRun(TestRunner.java:819)
at org.testng.TestRunner.run(TestRunner.java:619)
at org.testng.SuiteRunner.runTest(SuiteRunner.java:443)
at org.testng.SuiteRunner.runSequentially(SuiteRunner.java:437)
at org.testng.SuiteRunner.privateRun(SuiteRunner.java:397)
at org.testng.SuiteRunner.run(SuiteRunner.java:336)
at org.testng.SuiteRunnerWorker.runSuite(SuiteRunnerWorker.java:52)
at org.testng.SuiteRunnerWorker.run(SuiteRunnerWorker.java:95)
at org.testng.TestNG.runSuitesSequentially(TestNG.java:1301)
at org.testng.TestNG.runSuitesLocally(TestNG.java:1228)
at org.testng.TestNG.runSuites(TestNG.java:1134)
at org.testng.TestNG.run(TestNG.java:1101)
at org.apache.maven.surefire.testng.TestNGExecutor.run(TestNGExecutor.java:308)
at org.apache.maven.surefire.testng.TestNGXmlTestSuite.execute(TestNGXmlTestSuite.java:71)
at org.apache.maven.surefire.testng.TestNGProvider.invoke(TestNGProvider.java:113)
at org.apache.maven.surefire.booter.ForkedBooter.runSuitesInProcess(ForkedBooter.java:385)
at org.apache.maven.surefire.booter.ForkedBooter.execute(ForkedBooter.java:162)
at org.apache.maven.surefire.booter.ForkedBooter.run(ForkedBooter.java:507)
at org.apache.maven.surefire.booter.ForkedBooter.main(ForkedBooter.java:495)
]]>
            </full-stacktrace>
          </exception> <!-- org.openqa.selenium.NoSuchElementException -->
          <reporter-output>
          </reporter-output>
        </test-method> <!-- ZigWheelsCapturerror -->
        <test-method is-config="true" signature="tearDown()[pri:0, instance:TestCases.TestCase1@74f0ea28]" started-at="2024-03-10T21:21:42 IST" name="tearDown" finished-at="2024-03-10T21:21:43 IST" duration-ms="1386" status="PASS">
          <reporter-output>
          </reporter-output>
        </test-method> <!-- tearDown -->
      </class> <!-- TestCases.TestCase1 -->
    </test> <!-- Test -->
  </suite> <!-- Suite -->
</testng-results>
